<?xml version="1.0" encoding="UTF-8"?>
<!-- Generated by org.testng.reporters.JUnitXMLReporter -->
<testsuite ignored="0" hostname="LAPTOP-NADE445V" failures="0" tests="4" name="Default test" time="7.863" errors="0" timestamp="2022-02-03T13:55:57 WIB">
  <testcase classname="com.techtest.adlapi.TestAPI" name="testPost" time="4.178"/>
  <testcase classname="com.techtest.adlapi.TestAPI" name="testGet" time="1.263"/>
  <testcase classname="com.techtest.adlapi.TestAPI" name="testPatch" time="1.188"/>
  <testcase classname="com.techtest.adlapi.TestAPI" name="testDelete" time="1.171"/>
</testsuite> <!-- Default test -->
