<?xml version="1.0" encoding="UTF-8"?>
<testng-results ignored="0" total="4" passed="4" failed="0" skipped="0">
  <reporter-output>
  </reporter-output>
  <suite started-at="2022-02-03T13:55:50 WIB" name="Default suite" finished-at="2022-02-03T13:55:57 WIB" duration-ms="7863">
    <groups>
    </groups>
    <test started-at="2022-02-03T13:55:50 WIB" name="Default test" finished-at="2022-02-03T13:55:57 WIB" duration-ms="7863">
      <class name="com.techtest.adlapi.TestAPI">
        <test-method signature="testPost()[pri:1, instance:com.techtest.adlapi.TestAPI@670002]" started-at="2022-02-03T13:55:50 WIB" name="testPost" finished-at="2022-02-03T13:55:54 WIB" duration-ms="4178" status="PASS">
          <reporter-output>
          </reporter-output>
        </test-method> <!-- testPost -->
        <test-method signature="testGet()[pri:2, instance:com.techtest.adlapi.TestAPI@670002]" started-at="2022-02-03T13:55:54 WIB" name="testGet" finished-at="2022-02-03T13:55:55 WIB" duration-ms="1263" status="PASS">
          <reporter-output>
          </reporter-output>
        </test-method> <!-- testGet -->
        <test-method signature="testPatch()[pri:3, instance:com.techtest.adlapi.TestAPI@670002]" started-at="2022-02-03T13:55:55 WIB" name="testPatch" finished-at="2022-02-03T13:55:56 WIB" duration-ms="1188" status="PASS">
          <reporter-output>
          </reporter-output>
        </test-method> <!-- testPatch -->
        <test-method signature="testDelete()[pri:4, instance:com.techtest.adlapi.TestAPI@670002]" started-at="2022-02-03T13:55:56 WIB" name="testDelete" finished-at="2022-02-03T13:55:57 WIB" duration-ms="1171" status="PASS">
          <reporter-output>
          </reporter-output>
        </test-method> <!-- testDelete -->
      </class> <!-- com.techtest.adlapi.TestAPI -->
    </test> <!-- Default test -->
  </suite> <!-- Default suite -->
</testng-results>
